<?xml version="1.0" encoding="UTF-8"?>
<!-- Generated by org.testng.reporters.JUnitReportReporter -->
<testsuite skipped="0" hostname="DESKTOP-49MSHNM" name="com.training.assignment1stWeek.tests.LoginRE4" tests="1" failures="0" timestamp="2019-11-25T00:50:31 CST" time="25.547" errors="0">
  <testcase name="loginAndChangePwdTest" time="25.547" classname="com.training.assignment1stWeek.tests.LoginRE4"/>
</testsuite> <!-- com.training.assignment1stWeek.tests.LoginRE4 -->
