<?xml version="1.0" encoding="UTF-8"?>
<!-- Generated by org.testng.reporters.JUnitReportReporter -->
<testsuite skipped="0" hostname="DESKTOP-OGH198O" name="com.training.assignment2.tests.AddPropertyDetails_RETC_043" tests="1" failures="0" timestamp="2019-12-03T02:54:50 CST" time="29.482" errors="0">
  <testcase name="profileDetailsTest" time="29.482" classname="com.training.assignment2.tests.AddPropertyDetails_RETC_043"/>
</testsuite> <!-- com.training.assignment2.tests.AddPropertyDetails_RETC_043 -->
