<?xml version="1.0" encoding="UTF-8"?>
<!-- Generated by org.testng.reporters.JUnitReportReporter -->
<testsuite skipped="0" hostname="DESKTOP-49MSHNM" name="com.training.assignment1.tests.ChangePasswordTest" tests="1" failures="0" timestamp="2019-11-27T09:28:12 CST" time="31.242" errors="0">
  <testcase name="loginAndChangePwdTest" time="31.242" classname="com.training.assignment1.tests.ChangePasswordTest"/>
</testsuite> <!-- com.training.assignment1.tests.ChangePasswordTest -->
