<?xml version="1.0" encoding="UTF-8"?>
<!-- Generated by org.testng.reporters.JUnitReportReporter -->
<testsuite skipped="0" hostname="DESKTOP-49MSHNM" name="com.training.assignment1stWeek.tests.LoginRE2" tests="1" failures="0" timestamp="2019-11-25T00:45:54 CST" time="43.240" errors="0">
  <testcase name="validLoginTest" time="43.240" classname="com.training.assignment1stWeek.tests.LoginRE2"/>
</testsuite> <!-- com.training.assignment1stWeek.tests.LoginRE2 -->
