<?xml version="1.0" encoding="UTF-8"?>
<!-- Generated by org.testng.reporters.JUnitReportReporter -->
<testsuite skipped="0" hostname="DESKTOP-49MSHNM" name="com.training.assignment1stWeek.tests.LoginRE3" tests="1" failures="0" timestamp="2019-11-25T00:49:11 CST" time="29.459" errors="0">
  <testcase name="loginAndChangePwdTest" time="29.459" classname="com.training.assignment1stWeek.tests.LoginRE3"/>
</testsuite> <!-- com.training.assignment1stWeek.tests.LoginRE3 -->
