<?xml version="1.0" encoding="UTF-8"?>
<!-- Generated by org.testng.reporters.JUnitReportReporter -->
<testsuite skipped="0" hostname="DESKTOP-49MSHNM" name="com.training.assignment1.tests.UpdateProfileDetailsTest" tests="1" failures="0" timestamp="2019-11-29T15:54:28 CST" time="36.175" errors="0">
  <testcase name="profileDetailsTest" time="36.175" classname="com.training.assignment1.tests.UpdateProfileDetailsTest"/>
</testsuite> <!-- com.training.assignment1.tests.UpdateProfileDetailsTest -->
