<?xml version="1.0" encoding="UTF-8"?>
<!-- Generated by org.testng.reporters.JUnitReportReporter -->
<testsuite skipped="0" hostname="DESKTOP-49MSHNM" name="com.training.assignment1stWeek.tests.LogoutTest" tests="1" failures="0" timestamp="2019-11-25T22:55:09 CST" time="25.029" errors="0">
  <testcase name="logoutTest" time="25.029" classname="com.training.assignment1stWeek.tests.LogoutTest"/>
</testsuite> <!-- com.training.assignment1stWeek.tests.LogoutTest -->
