<?xml version="1.0" encoding="UTF-8"?>
<!-- Generated by org.testng.reporters.JUnitReportReporter -->
<testsuite skipped="0" hostname="DESKTOP-OGH198O" name="com.training.assignment2.tests.CreatePropertyDetails_RETC_44" tests="1" failures="0" timestamp="2019-12-03T02:54:50 CST" time="34.034" errors="0">
  <testcase name="profileDetailsTest" time="34.034" classname="com.training.assignment2.tests.CreatePropertyDetails_RETC_44"/>
</testsuite> <!-- com.training.assignment2.tests.CreatePropertyDetails_RETC_44 -->
