<?xml version="1.0" encoding="UTF-8"?>
<!-- Generated by org.testng.reporters.JUnitReportReporter -->
<testsuite skipped="0" hostname="DESKTOP-49MSHNM" name="com.training.assignment1stWeek.tests.LoginRE" tests="1" failures="0" timestamp="2019-11-25T22:52:10 CST" time="28.117" errors="0">
  <testcase name="validLoginTest" time="28.117" classname="com.training.assignment1stWeek.tests.LoginRE"/>
</testsuite> <!-- com.training.assignment1stWeek.tests.LoginRE -->
