<?xml version="1.0" encoding="UTF-8"?>
<!-- Generated by org.testng.reporters.JUnitReportReporter -->
<testsuite skipped="0" hostname="DESKTOP-49MSHNM" name="com.training.assignment1.tests.LogoutTest" tests="1" failures="0" timestamp="2019-11-27T09:28:12 CST" time="28.901" errors="0">
  <testcase name="logoutTest" time="28.901" classname="com.training.assignment1.tests.LogoutTest"/>
</testsuite> <!-- com.training.assignment1.tests.LogoutTest -->
