<?xml version="1.0" encoding="UTF-8"?>
<!-- Generated by org.testng.reporters.JUnitReportReporter -->
<testsuite skipped="0" hostname="DESKTOP-49MSHNM" name="com.training.assignment1stWeek.tests.ChangePasswordTest" tests="1" failures="0" timestamp="2019-11-25T22:55:09 CST" time="26.634" errors="0">
  <testcase name="loginAndChangePwdTest" time="26.634" classname="com.training.assignment1stWeek.tests.ChangePasswordTest"/>
</testsuite> <!-- com.training.assignment1stWeek.tests.ChangePasswordTest -->
