<?xml version="1.0" encoding="UTF-8"?>
<!-- Generated by org.testng.reporters.JUnitReportReporter -->
<testsuite skipped="0" hostname="DESKTOP-OGH198O" name="com.training.assignment1.tests.UpdateProfileDetailsTest" tests="1" failures="0" timestamp="2019-12-03T02:54:50 CST" time="23.148" errors="0">
  <testcase name="profileDetailsTest" time="23.148" classname="com.training.assignment1.tests.UpdateProfileDetailsTest"/>
</testsuite> <!-- com.training.assignment1.tests.UpdateProfileDetailsTest -->
