<?xml version="1.0" encoding="UTF-8"?>
<!-- Generated by org.testng.reporters.JUnitReportReporter -->
<testsuite skipped="0" hostname="DESKTOP-OGH198O" name="com.training.assignment1.tests.CreatePropertyDetails_RETC_44" tests="1" failures="0" timestamp="2019-12-03T02:45:44 CST" time="36.797" errors="0">
  <testcase name="profileDetailsTest" time="36.797" classname="com.training.assignment1.tests.CreatePropertyDetails_RETC_44"/>
</testsuite> <!-- com.training.assignment1.tests.CreatePropertyDetails_RETC_44 -->
