<?xml version="1.0" encoding="UTF-8"?>
<!-- Generated by org.testng.reporters.JUnitReportReporter -->
<testsuite skipped="0" hostname="DESKTOP-49MSHNM" name="com.training.assignment1stWeek.tests.UpdateProfileDetailsTest" tests="1" failures="0" timestamp="2019-11-25T22:55:09 CST" time="34.441" errors="0">
  <testcase name="profileDetailsTest" time="34.441" classname="com.training.assignment1stWeek.tests.UpdateProfileDetailsTest"/>
</testsuite> <!-- com.training.assignment1stWeek.tests.UpdateProfileDetailsTest -->
