<?xml version="1.0" encoding="UTF-8"?>
<!-- Generated by org.testng.reporters.JUnitReportReporter -->
<testsuite skipped="0" hostname="DESKTOP-OGH198O" name="com.training.assignment1.tests.ChangePasswordTest" tests="1" failures="0" timestamp="2019-12-03T02:54:50 CST" time="24.114" errors="0">
  <testcase name="loginAndChangePwdTest" time="24.114" classname="com.training.assignment1.tests.ChangePasswordTest"/>
</testsuite> <!-- com.training.assignment1.tests.ChangePasswordTest -->
