<?xml version="1.0" encoding="UTF-8"?>
<!-- Generated by org.testng.reporters.JUnitReportReporter -->
<testsuite skipped="0" hostname="DESKTOP-OGH198O" name="com.training.assignment1.tests.CreatePropertyDetailsByFeatures_Regions_RETC_46" tests="1" failures="0" timestamp="2019-12-03T02:41:54 CST" time="33.278" errors="0">
  <testcase name="profileDetailsTest" time="33.278" classname="com.training.assignment1.tests.CreatePropertyDetailsByFeatures_Regions_RETC_46"/>
</testsuite> <!-- com.training.assignment1.tests.CreatePropertyDetailsByFeatures_Regions_RETC_46 -->
