<?xml version="1.0" encoding="UTF-8"?>
<!-- Generated by org.testng.reporters.JUnitReportReporter -->
<testsuite skipped="0" hostname="DESKTOP-OGH198O" name="com.training.pom.test" tests="1" failures="0" timestamp="2019-12-02T00:45:57 CST" time="48.413" errors="0">
  <testcase name="validLoginTest" time="48.413" classname="com.training.pom.test"/>
</testsuite> <!-- com.training.pom.test -->
