<?xml version="1.0" encoding="UTF-8"?>
<!-- Generated by org.testng.reporters.JUnitReportReporter -->
<testsuite skipped="0" hostname="DESKTOP-OGH198O" name="com.training.assignment1.tests.LogoutTest" tests="1" failures="0" timestamp="2019-12-03T02:54:50 CST" time="21.728" errors="0">
  <testcase name="logoutTest" time="21.728" classname="com.training.assignment1.tests.LogoutTest"/>
</testsuite> <!-- com.training.assignment1.tests.LogoutTest -->
